<?xml version="1.0" encoding="UTF-8"?>
<!-- Generated by org.testng.reporters.JUnitReportReporter -->
<testsuite hostname="LAPTOP-1JIGLOKU" failures="0" tests="1" name="test.TestNG_Demo" time="5.571" errors="0" timestamp="2022-07-20T21:57:50 IST" skipped="0">
  <testcase classname="test.TestNG_Demo" name="googleSearch" time="5.571"/>
  <system-out/>
</testsuite> <!-- test.TestNG_Demo -->
