<?xml version="1.0" encoding="UTF-8"?>
<!-- Generated by org.testng.reporters.JUnitReportReporter -->
<testsuite hostname="LAPTOP-1JIGLOKU" failures="0" tests="2" name="test.TestNG_Demo1" time="8.250" errors="0" timestamp="2022-07-20T21:57:50 IST" skipped="0">
  <testcase classname="test.TestNG_Demo1" name="googleSearch2" time="3.138"/>
  <system-out/>
  <testcase classname="test.TestNG_Demo1" name="googleSearch1" time="5.112"/>
  <system-out/>
</testsuite> <!-- test.TestNG_Demo1 -->
