<?xml version="1.0" encoding="UTF-8"?>
<!-- Generated by org.testng.reporters.JUnitReportReporter -->
<testsuite hostname="LAPTOP-1JIGLOKU" failures="0" tests="5" name="demo.TestNGDependencyDemo" time="0.011" errors="0" timestamp="2022-07-25T12:40:45 IST" skipped="0">
  <testcase classname="demo.TestNGDependencyDemo" name="test5" time="0.001"/>
  <system-out/>
  <testcase classname="demo.TestNGDependencyDemo" name="test1" time="0.001"/>
  <system-out/>
  <testcase classname="demo.TestNGDependencyDemo" name="test4" time="0.001"/>
  <system-out/>
  <testcase classname="demo.TestNGDependencyDemo" name="test3" time="0.000"/>
  <system-out/>
  <testcase classname="demo.TestNGDependencyDemo" name="test2" time="0.008"/>
  <system-out/>
</testsuite> <!-- demo.TestNGDependencyDemo -->
