<?xml version="1.0" encoding="UTF-8"?>
<!-- Generated by org.testng.reporters.JUnitReportReporter -->
<testsuite hostname="LAPTOP-1JIGLOKU" failures="0" tests="2" name="test.EReportsDemo" time="4.826" errors="0" timestamp="2022-07-21T15:25:07 IST" skipped="0">
  <testcase classname="test.EReportsDemo" name="test" time="4.823"/>
  <system-out/>
  <testcase classname="test.EReportsDemo" name="test1" time="0.003"/>
  <system-out/>
</testsuite> <!-- test.EReportsDemo -->
