<?xml version="1.0" encoding="UTF-8"?>
<!-- Generated by org.testng.reporters.JUnitReportReporter -->
<testsuite hostname="LAPTOP-1JIGLOKU" failures="0" tests="4" name="demo.TestNGGroupsDemo" time="0.008" errors="0" timestamp="2022-07-25T12:25:21 IST" skipped="0">
  <testcase classname="demo.TestNGGroupsDemo" name="test1" time="0.007"/>
  <system-out/>
  <testcase classname="demo.TestNGGroupsDemo" name="test3" time="0.000"/>
  <system-out/>
  <testcase classname="demo.TestNGGroupsDemo" name="test4" time="0.001"/>
  <system-out/>
  <testcase classname="demo.TestNGGroupsDemo" name="test2" time="0.000"/>
  <system-out/>
</testsuite> <!-- demo.TestNGGroupsDemo -->
