<?xml version="1.0" encoding="UTF-8"?>
<!-- Generated by org.testng.reporters.JUnitReportReporter -->
<testsuite hostname="LAPTOP-1JIGLOKU" failures="0" tests="5" name="demo.TestNGPriorityDemo" time="0.008" errors="0" timestamp="2022-07-25T12:56:21 IST" skipped="0">
  <testcase classname="demo.TestNGPriorityDemo" name="cat" time="0.000"/>
  <system-out/>
  <testcase classname="demo.TestNGPriorityDemo" name="alphabet" time="0.006"/>
  <system-out/>
  <testcase classname="demo.TestNGPriorityDemo" name="subject" time="0.000"/>
  <system-out/>
  <testcase classname="demo.TestNGPriorityDemo" name="unique" time="0.001"/>
  <system-out/>
  <testcase classname="demo.TestNGPriorityDemo" name="ant" time="0.001"/>
  <system-out/>
</testsuite> <!-- demo.TestNGPriorityDemo -->
