<?xml version="1.0" encoding="UTF-8"?>
<!-- Generated by org.testng.reporters.JUnitReportReporter -->
<testsuite hostname="LAPTOP-1JIGLOKU" failures="0" tests="1" name="demo.TestNGIgnoreDemo" time="0.007" errors="0" timestamp="2022-07-25T12:45:30 IST" skipped="0">
  <testcase classname="demo.TestNGIgnoreDemo" name="test2" time="0.007"/>
  <system-out/>
</testsuite> <!-- demo.TestNGIgnoreDemo -->
