<?xml version="1.0" encoding="UTF-8"?>
<!-- Generated by org.testng.reporters.JUnitReportReporter -->
<testsuite hostname="LAPTOP-1JIGLOKU" failures="0" tests="2" name="utils.ExcelDataProvider" time="0.006" errors="0" timestamp="2022-07-22T15:06:45 IST" skipped="0">
  <testcase classname="utils.ExcelDataProvider" name="test1" time="0.001"/>
  <system-out/>
  <testcase classname="utils.ExcelDataProvider" name="test1" time="0.005"/>
  <system-out/>
</testsuite> <!-- utils.ExcelDataProvider -->
