<?xml version="1.0" encoding="UTF-8"?>
<!-- Generated by org.testng.reporters.JUnitReportReporter -->
<testsuite hostname="LAPTOP-1JIGLOKU" failures="0" tests="2" name="utils.ExcelDataProviderSelenium" time="12.876" errors="0" timestamp="2022-07-22T15:39:58 IST" skipped="0">
  <testcase classname="utils.ExcelDataProviderSelenium" name="test1" time="8.692"/>
  <system-out/>
  <testcase classname="utils.ExcelDataProviderSelenium" name="test1" time="4.184"/>
  <system-out/>
</testsuite> <!-- utils.ExcelDataProviderSelenium -->
